<?xml version="1.0" encoding="UTF-8"?>
<testng-results ignored="0" total="2" passed="2" failed="0" skipped="0">
  <reporter-output>
  </reporter-output>
  <suite started-at="2021-03-16T19:59:08 IST" name="Surefire suite" finished-at="2021-03-16T19:59:25 IST" duration-ms="17385">
    <groups>
    </groups>
    <test started-at="2021-03-16T19:59:08 IST" name="Surefire test" finished-at="2021-03-16T19:59:25 IST" duration-ms="17385">
      <class name="DesignPatterns.DemoTest">
        <test-method is-config="true" signature="setUp()[pri:0, instance:DesignPatterns.DemoTest@292b08d6]" started-at="2021-03-16T19:59:08 IST" name="setUp" finished-at="2021-03-16T19:59:10 IST" duration-ms="2885" status="PASS">
          <reporter-output>
          </reporter-output>
        </test-method> <!-- setUp -->
        <test-method signature="flightTest(java.util.HashMap)[pri:0, instance:DesignPatterns.DemoTest@292b08d6]" started-at="2021-03-16T19:59:11 IST" name="flightTest" data-provider="getData" finished-at="2021-03-16T19:59:19 IST" duration-ms="8634" status="PASS">
          <params>
            <param index="0">
              <value>
                <![CDATA[{destination=DEL, destination_2=HYD, origin=MAA}]]>
              </value>
            </param>
          </params>
          <reporter-output>
          </reporter-output>
        </test-method> <!-- flightTest -->
        <test-method signature="flightTest(java.util.HashMap)[pri:0, instance:DesignPatterns.DemoTest@292b08d6]" started-at="2021-03-16T19:59:19 IST" name="flightTest" data-provider="getData" finished-at="2021-03-16T19:59:24 IST" duration-ms="4363" status="PASS">
          <params>
            <param index="0">
              <value>
                <![CDATA[{destination=HYD, destination_2=MAA, origin=DEL}]]>
              </value>
            </param>
          </params>
          <reporter-output>
          </reporter-output>
        </test-method> <!-- flightTest -->
        <test-method is-config="true" signature="tearDown()[pri:0, instance:DesignPatterns.DemoTest@292b08d6]" started-at="2021-03-16T19:59:24 IST" name="tearDown" finished-at="2021-03-16T19:59:25 IST" duration-ms="1145" status="PASS">
          <reporter-output>
          </reporter-output>
        </test-method> <!-- tearDown -->
      </class> <!-- DesignPatterns.DemoTest -->
    </test> <!-- Surefire test -->
  </suite> <!-- Surefire suite -->
</testng-results>
